init
[2021-11-04T18:42:46.856190+01:00] app.INFO: Entro a la pàgina d'inici [] []
[2021-11-04T18:42:46.895110+01:00] app.DEBUG: Entro a una pàgina {"page":"index.php"} []
[2021-11-04T18:42:47.804175+01:00] app.INFO: Entro a la pàgina d'inici [] []
[2021-11-04T18:42:47.805420+01:00] app.DEBUG: Entro a una pàgina {"page":"index.php"} []
[2021-11-04T18:42:52.225428+01:00] app.INFO: Entro a la pàgina d'inici [] []
[2021-11-04T18:42:52.226538+01:00] app.DEBUG: Entro a una pàgina {"page":"index.php"} []
[2021-11-04T18:42:52.976752+01:00] app.INFO: Entro a la pàgina d'inici [] []
[2021-11-04T18:42:52.977722+01:00] app.DEBUG: Entro a una pàgina {"page":"index.php"} []
[2021-11-04T18:42:54.899870+01:00] app.INFO: Entro a la pàgina d'inici [] []
[2021-11-04T18:42:54.901577+01:00] app.DEBUG: Entro a una pàgina {"page":"index.php"} []
[2021-11-04T18:45:16.896123+01:00] app.INFO: Entro a la pàgina d'inici [] []
[2021-11-04T18:45:16.897561+01:00] app.DEBUG: Entro a una pàgina {"page":"index.php"} []
[2021-11-04T18:45:18.789484+01:00] app.INFO: Entro a la pàgina d'inici [] []
[2021-11-04T18:45:18.790676+01:00] app.DEBUG: Entro a una pàgina {"page":"index.php"} []
[2021-11-04T18:45:58.308858+01:00] app.INFO: Entro a la pàgina d'inici [] []
[2021-11-04T18:45:58.309828+01:00] app.DEBUG: Entro a una pàgina {"page":"index.php"} []
[2021-11-04T18:46:00.531706+01:00] app.INFO: Entro a la pàgina d'inici [] []
[2021-11-04T18:46:00.532987+01:00] app.DEBUG: Entro a una pàgina {"page":"index.php"} []
[2021-11-04T18:46:01.520671+01:00] app.INFO: Entro a la pàgina d'inici [] []
[2021-11-04T18:46:01.521722+01:00] app.DEBUG: Entro a una pàgina {"page":"index.php"} []
[2021-11-04T18:46:02.731575+01:00] app.INFO: Entro a la pàgina d'inici [] []
[2021-11-04T18:46:02.732903+01:00] app.DEBUG: Entro a una pàgina {"page":"index.php"} []
[2021-11-04T18:46:04.066077+01:00] app.INFO: Entro a la pàgina d'inici [] []
[2021-11-04T18:46:04.067350+01:00] app.DEBUG: Entro a una pàgina {"page":"index.php"} []
[2021-11-04T18:46:41.100236+01:00] app.INFO: Entro a la pàgina d'inici [] []
[2021-11-04T18:46:41.101211+01:00] app.DEBUG: Entro a una pàgina {"page":"index.php"} []
[2021-11-04T18:47:35.629562+01:00] app.INFO: Entro a la pàgina d'inici [] []
[2021-11-04T18:47:35.630768+01:00] app.DEBUG: Entro a una pàgina {"page":"index.php"} []
[2021-11-04T18:47:55.875148+01:00] app.INFO: Entro a la pàgina d'inici [] []
[2021-11-04T18:47:55.876365+01:00] app.DEBUG: Entro a una pàgina {"page":"index.php"} []
[2021-11-04T18:56:36.782100+01:00] app.INFO: Entro a la pàgina d'inici [] []
[2021-11-04T18:56:36.783662+01:00] app.DEBUG: Entro a una pàgina {"page":"index.php"} []
[2021-11-04T18:56:45.474800+01:00] app.INFO: Entro a la pàgina d'inici [] []
[2021-11-04T18:56:45.476052+01:00] app.DEBUG: Entro a una pàgina {"page":"index.php"} []
[2021-11-04T18:56:59.629346+01:00] app.INFO: Entro a la pàgina d'inici [] []
[2021-11-04T18:56:59.630343+01:00] app.DEBUG: Entro a una pàgina {"page":"index.php"} []
[2021-11-04T18:57:13.501839+01:00] app.INFO: Entro a la pàgina d'inici [] []
[2021-11-04T18:57:13.502797+01:00] app.DEBUG: Entro a una pàgina {"page":"index.php"} []
[2021-11-04T18:57:13.717982+01:00] app.INFO: Entro a la pàgina d'inici [] []
[2021-11-04T18:57:13.719125+01:00] app.DEBUG: Entro a una pàgina {"page":"index.php"} []
[2021-11-04T18:57:13.888656+01:00] app.INFO: Entro a la pàgina d'inici [] []
[2021-11-04T18:57:13.889977+01:00] app.DEBUG: Entro a una pàgina {"page":"index.php"} []
[2021-11-04T18:57:18.620523+01:00] app.INFO: Entro a la pàgina d'inici [] []
[2021-11-04T18:57:18.621645+01:00] app.DEBUG: Entro a una pàgina {"page":"index.php"} []
[2021-11-04T18:57:19.429279+01:00] app.INFO: Entro a la pàgina d'inici [] []
[2021-11-04T18:57:19.431213+01:00] app.DEBUG: Entro a una pàgina {"page":"index.php"} []
[2021-11-04T18:57:19.771053+01:00] app.INFO: Entro a la pàgina d'inici [] []
[2021-11-04T18:57:19.772005+01:00] app.DEBUG: Entro a una pàgina {"page":"index.php"} []
[2021-11-04T18:57:47.752877+01:00] app.INFO: Entro a la pàgina d'inici [] []
[2021-11-04T18:57:47.754044+01:00] app.DEBUG: Entro a una pàgina {"page":"index.php"} []
[2021-11-04T18:58:49.189431+01:00] app.INFO: Entro a la pàgina d'inici [] []
[2021-11-04T18:58:49.190546+01:00] app.DEBUG: Entro a una pàgina {"page":"index.php"} []
[2021-11-04T18:58:50.269104+01:00] app.INFO: Entro a la pàgina d'inici [] []
[2021-11-04T18:58:50.270060+01:00] app.DEBUG: Entro a una pàgina {"page":"index.php"} []
[2021-11-04T18:59:12.948767+01:00] app.INFO: Entro a la pàgina d'inici [] []
[2021-11-04T18:59:12.950000+01:00] app.DEBUG: Entro a una pàgina {"page":"index.php"} []
[2021-11-04T18:59:15.678222+01:00] app.INFO: Entro a la pàgina d'inici [] []
[2021-11-04T18:59:15.685879+01:00] app.DEBUG: Entro a una pàgina {"page":"index.php"} []
[2021-11-04T18:59:50.799430+01:00] app.INFO: Entro a la pàgina d'inici [] []
[2021-11-04T18:59:50.800638+01:00] app.DEBUG: Entro a una pàgina {"page":"index.php"} []
[2021-11-04T19:00:01.518693+01:00] app.INFO: Entro a la pàgina d'inici [] []
[2021-11-04T19:00:01.519661+01:00] app.DEBUG: Entro a una pàgina {"page":"index.php"} []
[2021-11-18T19:09:09.199359+01:00] app.INFO: Entro a la pàgina d'inici [] []
[2021-11-18T19:09:09.206491+01:00] app.DEBUG: Entro a una pàgina {"page":"index.php"} []
[2021-11-19T19:17:42.343524+01:00] app.INFO: Entro a la pàgina d'inici [] []
[2021-11-19T19:17:42.382164+01:00] app.DEBUG: Entro a una pàgina {"page":"index.php"} []
[2021-11-22T15:33:44.698403+01:00] app.INFO: Entro a la pàgina d'inici [] []
[2021-11-22T15:33:44.736905+01:00] app.DEBUG: Entro a una pàgina {"page":"index.php"} []
[2021-12-02T18:41:50.930041+01:00] app.INFO: Entro a la pàgina d'inici [] []
[2021-12-02T18:41:50.978344+01:00] app.DEBUG: Entro a una pàgina {"page":"index.php"} []
[2021-11-11T18:47:55.959121+01:00] app.INFO: Entro a la pàgina d'inici [] []
[2021-11-11T18:47:55.997822+01:00] app.DEBUG: Entro a una pàgina {"page":"index.php"} []
[2021-11-11T18:47:57.179735+01:00] app.INFO: Entro a la pàgina d'inici [] []
[2021-11-11T18:47:57.181003+01:00] app.DEBUG: Entro a una pàgina {"page":"index.php"} []
[2021-11-11T18:48:43.789276+01:00] app.INFO: Entro a la pàgina d'inici [] []
[2021-11-11T18:48:43.790541+01:00] app.DEBUG: Entro a una pàgina {"page":"index.php"} []
[2021-11-11T18:49:54.636523+01:00] app.INFO: Entro a la pàgina d'inici [] []
[2021-11-11T18:49:54.638326+01:00] app.DEBUG: Entro a una pàgina {"page":"index.php"} []
[2021-11-11T18:49:55.601883+01:00] app.INFO: Entro a la pàgina d'inici [] []
[2021-11-11T18:49:55.602861+01:00] app.DEBUG: Entro a una pàgina {"page":"index.php"} []
[2021-11-11T18:49:58.288499+01:00] app.INFO: Entro a la pàgina d'inici [] []
[2021-11-11T18:49:58.289946+01:00] app.DEBUG: Entro a una pàgina {"page":"index.php"} []
[2021-11-11T18:59:12.320169+01:00] app.INFO: Entro a la pàgina d'inici [] []
[2021-11-11T18:59:12.321802+01:00] app.DEBUG: Entro a una pàgina {"page":"index.php"} []
[2021-11-11T18:59:21.102360+01:00] app.INFO: Entro a la pàgina d'inici [] []
[2021-11-11T18:59:21.103913+01:00] app.DEBUG: Entro a una pàgina {"page":"index.php"} []
[2021-11-11T18:59:25.963094+01:00] app.INFO: Entro a la pàgina d'inici [] []
[2021-11-11T18:59:25.964095+01:00] app.DEBUG: Entro a una pàgina {"page":"index.php"} []
[2021-11-11T18:59:40.741191+01:00] app.INFO: Entro a la pàgina d'inici [] []
[2021-11-11T18:59:40.742233+01:00] app.DEBUG: Entro a una pàgina {"page":"index.php"} []
[2021-11-11T18:59:44.362790+01:00] app.INFO: Entro a la pàgina d'inici [] []
[2021-11-11T18:59:44.363977+01:00] app.DEBUG: Entro a una pàgina {"page":"index.php"} []
[2021-11-11T18:59:58.527515+01:00] app.INFO: Entro a la pàgina d'inici [] []
[2021-11-11T18:59:58.528477+01:00] app.DEBUG: Entro a una pàgina {"page":"index.php"} []
[2021-11-11T19:00:46.151457+01:00] app.INFO: Entro a la pàgina d'inici [] []
[2021-11-11T19:00:46.152390+01:00] app.DEBUG: Entro a una pàgina {"page":"index.php"} []
[2021-11-11T19:02:54.474073+01:00] app.INFO: Entro a la pàgina d'inici [] []
[2021-11-11T19:02:54.475222+01:00] app.DEBUG: Entro a una pàgina {"page":"index.php"} []
[2021-11-11T19:04:52.725223+01:00] app.INFO: Entro a la pàgina d'inici [] []
[2021-11-11T19:04:52.727613+01:00] app.DEBUG: Entro a una pàgina {"page":"index.php"} []
[2021-11-11T19:06:44.047207+01:00] app.INFO: Entro a la pàgina d'inici [] []
[2021-11-11T19:06:44.048868+01:00] app.DEBUG: Entro a una pàgina {"page":"index.php"} []
[2021-11-11T19:09:08.665184+01:00] app.INFO: Entro a la pàgina d'inici [] []
[2021-11-11T19:09:08.666666+01:00] app.DEBUG: Entro a una pàgina {"page":"index.php"} []
[2021-11-11T19:09:09.429462+01:00] app.INFO: Entro a la pàgina d'inici [] []
[2021-11-11T19:09:09.430734+01:00] app.DEBUG: Entro a una pàgina {"page":"index.php"} []
[2021-11-11T19:09:11.865878+01:00] app.INFO: Entro a la pàgina d'inici [] []
[2021-11-11T19:09:11.867692+01:00] app.DEBUG: Entro a una pàgina {"page":"index.php"} []
[2021-11-11T19:09:49.428150+01:00] app.INFO: Entro a la pàgina d'inici [] []
[2021-11-11T19:09:49.430206+01:00] app.DEBUG: Entro a una pàgina {"page":"index.php"} []
[2021-11-11T19:10:24.248389+01:00] app.INFO: Entro a la pàgina d'inici [] []
[2021-11-11T19:10:24.250500+01:00] app.DEBUG: Entro a una pàgina {"page":"index.php"} []
[2021-11-11T19:14:59.218832+01:00] app.INFO: Entro a la pàgina d'inici [] []
[2021-11-11T19:14:59.219987+01:00] app.DEBUG: Entro a una pàgina {"page":"index.php"} []
[2021-12-13T15:36:45.446263+01:00] app.DEBUG: Get user '1' data [] []
[2021-12-13T15:36:45.699436+01:00] app.DEBUG: SQL: SELECT u.id, u.username, u.email, f.filepath as avatar         FROM users u         LEFT JOIN files f ON u.avatar_id=f.id         WHERE u.id=1 [] []
[2021-12-13T15:37:10.803976+01:00] app.DEBUG: Get user '1' data [] []
[2021-12-13T15:37:10.991678+01:00] app.DEBUG: SQL: SELECT u.id, u.username, u.email, f.filepath as avatar         FROM users u         LEFT JOIN files f ON u.avatar_id=f.id         WHERE u.id=1 [] []
[2021-12-13T15:38:10.211150+01:00] app.DEBUG: Get user '1' data [] []
[2021-12-13T15:38:10.394335+01:00] app.DEBUG: SQL: SELECT u.id, u.username, u.email, f.filepath as avatar                 FROM users u                 LEFT JOIN files f ON u.avatar_id=f.id                 WHERE u.id=1 [] []
[2021-12-13T15:38:10.440271+01:00] app.DEBUG: Password update [] []
[2021-12-13T15:38:10.449989+01:00] app.DEBUG: Uploading file {"name":"istockphoto-1212898085-1024x1024.jpg","type":"image/jpeg","tmp_name":"C:\\xampp\\tmp\\phpB8B4.tmp","error":0,"size":253489} []
[2021-12-13T15:38:10.452580+01:00] app.DEBUG: SQL: INSERT INTO files(filepath,filesize,uploaded)                      VALUES ('../uploads/CristinaAran89/istockphoto-1212898085-1024x1024.jpg',253489,'2021-12-13 15:38:10') [] []
[2021-12-13T15:38:10.503214+01:00] app.DEBUG: New file with id 8 [] []
[2021-12-13T15:38:10.503361+01:00] app.DEBUG: Avatar update [] []
[2021-12-13T15:38:10.503431+01:00] app.DEBUG: Updating user {"last_access":"'2021-12-13 15:38:10'","password":"'44243c1ee7708d4b8ed776be116b7655af652eccd0b8fe19e74f94677f2c2339'","avatar_id":"8"} []
[2021-12-13T15:38:10.503488+01:00] app.DEBUG: SQL: UPDATE users                  SET last_access='2021-12-13 15:38:10', password='44243c1ee7708d4b8ed776be116b7655af652eccd0b8fe19e74f94677f2c2339', avatar_id=8                  WHERE id=1 [] []
[2021-12-13T15:38:10.552023+01:00] app.DEBUG: User with id 1 updated [] []
