init
[2021-11-04T18:42:46.856190+01:00] app.INFO: Entro a la pàgina d'inici [] []
[2021-11-04T18:42:46.895110+01:00] app.DEBUG: Entro a una pàgina {"page":"index.php"} []
[2021-11-04T18:42:47.804175+01:00] app.INFO: Entro a la pàgina d'inici [] []
[2021-11-04T18:42:47.805420+01:00] app.DEBUG: Entro a una pàgina {"page":"index.php"} []
[2021-11-04T18:42:52.225428+01:00] app.INFO: Entro a la pàgina d'inici [] []
[2021-11-04T18:42:52.226538+01:00] app.DEBUG: Entro a una pàgina {"page":"index.php"} []
[2021-11-04T18:42:52.976752+01:00] app.INFO: Entro a la pàgina d'inici [] []
[2021-11-04T18:42:52.977722+01:00] app.DEBUG: Entro a una pàgina {"page":"index.php"} []
[2021-11-04T18:42:54.899870+01:00] app.INFO: Entro a la pàgina d'inici [] []
[2021-11-04T18:42:54.901577+01:00] app.DEBUG: Entro a una pàgina {"page":"index.php"} []
[2021-11-04T18:45:16.896123+01:00] app.INFO: Entro a la pàgina d'inici [] []
[2021-11-04T18:45:16.897561+01:00] app.DEBUG: Entro a una pàgina {"page":"index.php"} []
[2021-11-04T18:45:18.789484+01:00] app.INFO: Entro a la pàgina d'inici [] []
[2021-11-04T18:45:18.790676+01:00] app.DEBUG: Entro a una pàgina {"page":"index.php"} []
[2021-11-04T18:45:58.308858+01:00] app.INFO: Entro a la pàgina d'inici [] []
[2021-11-04T18:45:58.309828+01:00] app.DEBUG: Entro a una pàgina {"page":"index.php"} []
[2021-11-04T18:46:00.531706+01:00] app.INFO: Entro a la pàgina d'inici [] []
[2021-11-04T18:46:00.532987+01:00] app.DEBUG: Entro a una pàgina {"page":"index.php"} []
[2021-11-04T18:46:01.520671+01:00] app.INFO: Entro a la pàgina d'inici [] []
[2021-11-04T18:46:01.521722+01:00] app.DEBUG: Entro a una pàgina {"page":"index.php"} []
[2021-11-04T18:46:02.731575+01:00] app.INFO: Entro a la pàgina d'inici [] []
[2021-11-04T18:46:02.732903+01:00] app.DEBUG: Entro a una pàgina {"page":"index.php"} []
[2021-11-04T18:46:04.066077+01:00] app.INFO: Entro a la pàgina d'inici [] []
[2021-11-04T18:46:04.067350+01:00] app.DEBUG: Entro a una pàgina {"page":"index.php"} []
[2021-11-04T18:46:41.100236+01:00] app.INFO: Entro a la pàgina d'inici [] []
[2021-11-04T18:46:41.101211+01:00] app.DEBUG: Entro a una pàgina {"page":"index.php"} []
[2021-11-04T18:47:35.629562+01:00] app.INFO: Entro a la pàgina d'inici [] []
[2021-11-04T18:47:35.630768+01:00] app.DEBUG: Entro a una pàgina {"page":"index.php"} []
[2021-11-04T18:47:55.875148+01:00] app.INFO: Entro a la pàgina d'inici [] []
[2021-11-04T18:47:55.876365+01:00] app.DEBUG: Entro a una pàgina {"page":"index.php"} []
[2021-11-04T18:56:36.782100+01:00] app.INFO: Entro a la pàgina d'inici [] []
[2021-11-04T18:56:36.783662+01:00] app.DEBUG: Entro a una pàgina {"page":"index.php"} []
[2021-11-04T18:56:45.474800+01:00] app.INFO: Entro a la pàgina d'inici [] []
[2021-11-04T18:56:45.476052+01:00] app.DEBUG: Entro a una pàgina {"page":"index.php"} []
[2021-11-04T18:56:59.629346+01:00] app.INFO: Entro a la pàgina d'inici [] []
[2021-11-04T18:56:59.630343+01:00] app.DEBUG: Entro a una pàgina {"page":"index.php"} []
[2021-11-04T18:57:13.501839+01:00] app.INFO: Entro a la pàgina d'inici [] []
[2021-11-04T18:57:13.502797+01:00] app.DEBUG: Entro a una pàgina {"page":"index.php"} []
[2021-11-04T18:57:13.717982+01:00] app.INFO: Entro a la pàgina d'inici [] []
[2021-11-04T18:57:13.719125+01:00] app.DEBUG: Entro a una pàgina {"page":"index.php"} []
[2021-11-04T18:57:13.888656+01:00] app.INFO: Entro a la pàgina d'inici [] []
[2021-11-04T18:57:13.889977+01:00] app.DEBUG: Entro a una pàgina {"page":"index.php"} []
[2021-11-04T18:57:18.620523+01:00] app.INFO: Entro a la pàgina d'inici [] []
[2021-11-04T18:57:18.621645+01:00] app.DEBUG: Entro a una pàgina {"page":"index.php"} []
[2021-11-04T18:57:19.429279+01:00] app.INFO: Entro a la pàgina d'inici [] []
[2021-11-04T18:57:19.431213+01:00] app.DEBUG: Entro a una pàgina {"page":"index.php"} []
[2021-11-04T18:57:19.771053+01:00] app.INFO: Entro a la pàgina d'inici [] []
[2021-11-04T18:57:19.772005+01:00] app.DEBUG: Entro a una pàgina {"page":"index.php"} []
[2021-11-04T18:57:47.752877+01:00] app.INFO: Entro a la pàgina d'inici [] []
[2021-11-04T18:57:47.754044+01:00] app.DEBUG: Entro a una pàgina {"page":"index.php"} []
[2021-11-04T18:58:49.189431+01:00] app.INFO: Entro a la pàgina d'inici [] []
[2021-11-04T18:58:49.190546+01:00] app.DEBUG: Entro a una pàgina {"page":"index.php"} []
[2021-11-04T18:58:50.269104+01:00] app.INFO: Entro a la pàgina d'inici [] []
[2021-11-04T18:58:50.270060+01:00] app.DEBUG: Entro a una pàgina {"page":"index.php"} []
[2021-11-04T18:59:12.948767+01:00] app.INFO: Entro a la pàgina d'inici [] []
[2021-11-04T18:59:12.950000+01:00] app.DEBUG: Entro a una pàgina {"page":"index.php"} []
[2021-11-04T18:59:15.678222+01:00] app.INFO: Entro a la pàgina d'inici [] []
[2021-11-04T18:59:15.685879+01:00] app.DEBUG: Entro a una pàgina {"page":"index.php"} []
[2021-11-04T18:59:50.799430+01:00] app.INFO: Entro a la pàgina d'inici [] []
[2021-11-04T18:59:50.800638+01:00] app.DEBUG: Entro a una pàgina {"page":"index.php"} []
[2021-11-04T19:00:01.518693+01:00] app.INFO: Entro a la pàgina d'inici [] []
[2021-11-04T19:00:01.519661+01:00] app.DEBUG: Entro a una pàgina {"page":"index.php"} []
[2021-11-18T19:09:09.199359+01:00] app.INFO: Entro a la pàgina d'inici [] []
[2021-11-18T19:09:09.206491+01:00] app.DEBUG: Entro a una pàgina {"page":"index.php"} []
[2021-11-19T19:17:42.343524+01:00] app.INFO: Entro a la pàgina d'inici [] []
[2021-11-19T19:17:42.382164+01:00] app.DEBUG: Entro a una pàgina {"page":"index.php"} []
[2021-11-22T15:33:44.698403+01:00] app.INFO: Entro a la pàgina d'inici [] []
[2021-11-22T15:33:44.736905+01:00] app.DEBUG: Entro a una pàgina {"page":"index.php"} []
[2021-12-02T18:41:50.930041+01:00] app.INFO: Entro a la pàgina d'inici [] []
[2021-12-02T18:41:50.978344+01:00] app.DEBUG: Entro a una pàgina {"page":"index.php"} []
[2021-11-11T18:47:55.959121+01:00] app.INFO: Entro a la pàgina d'inici [] []
[2021-11-11T18:47:55.997822+01:00] app.DEBUG: Entro a una pàgina {"page":"index.php"} []
[2021-11-11T18:47:57.179735+01:00] app.INFO: Entro a la pàgina d'inici [] []
[2021-11-11T18:47:57.181003+01:00] app.DEBUG: Entro a una pàgina {"page":"index.php"} []
[2021-11-11T18:48:43.789276+01:00] app.INFO: Entro a la pàgina d'inici [] []
[2021-11-11T18:48:43.790541+01:00] app.DEBUG: Entro a una pàgina {"page":"index.php"} []
[2021-11-11T18:49:54.636523+01:00] app.INFO: Entro a la pàgina d'inici [] []
[2021-11-11T18:49:54.638326+01:00] app.DEBUG: Entro a una pàgina {"page":"index.php"} []
[2021-11-11T18:49:55.601883+01:00] app.INFO: Entro a la pàgina d'inici [] []
[2021-11-11T18:49:55.602861+01:00] app.DEBUG: Entro a una pàgina {"page":"index.php"} []
[2021-11-11T18:49:58.288499+01:00] app.INFO: Entro a la pàgina d'inici [] []
[2021-11-11T18:49:58.289946+01:00] app.DEBUG: Entro a una pàgina {"page":"index.php"} []
[2021-11-11T18:59:12.320169+01:00] app.INFO: Entro a la pàgina d'inici [] []
[2021-11-11T18:59:12.321802+01:00] app.DEBUG: Entro a una pàgina {"page":"index.php"} []
[2021-11-11T18:59:21.102360+01:00] app.INFO: Entro a la pàgina d'inici [] []
[2021-11-11T18:59:21.103913+01:00] app.DEBUG: Entro a una pàgina {"page":"index.php"} []
[2021-11-11T18:59:25.963094+01:00] app.INFO: Entro a la pàgina d'inici [] []
[2021-11-11T18:59:25.964095+01:00] app.DEBUG: Entro a una pàgina {"page":"index.php"} []
[2021-11-11T18:59:40.741191+01:00] app.INFO: Entro a la pàgina d'inici [] []
[2021-11-11T18:59:40.742233+01:00] app.DEBUG: Entro a una pàgina {"page":"index.php"} []
[2021-11-11T18:59:44.362790+01:00] app.INFO: Entro a la pàgina d'inici [] []
[2021-11-11T18:59:44.363977+01:00] app.DEBUG: Entro a una pàgina {"page":"index.php"} []
[2021-11-11T18:59:58.527515+01:00] app.INFO: Entro a la pàgina d'inici [] []
[2021-11-11T18:59:58.528477+01:00] app.DEBUG: Entro a una pàgina {"page":"index.php"} []
[2021-11-11T19:00:46.151457+01:00] app.INFO: Entro a la pàgina d'inici [] []
[2021-11-11T19:00:46.152390+01:00] app.DEBUG: Entro a una pàgina {"page":"index.php"} []
[2021-11-11T19:02:54.474073+01:00] app.INFO: Entro a la pàgina d'inici [] []
[2021-11-11T19:02:54.475222+01:00] app.DEBUG: Entro a una pàgina {"page":"index.php"} []
[2021-11-11T19:04:52.725223+01:00] app.INFO: Entro a la pàgina d'inici [] []
[2021-11-11T19:04:52.727613+01:00] app.DEBUG: Entro a una pàgina {"page":"index.php"} []
[2021-11-11T19:06:44.047207+01:00] app.INFO: Entro a la pàgina d'inici [] []
[2021-11-11T19:06:44.048868+01:00] app.DEBUG: Entro a una pàgina {"page":"index.php"} []
[2021-11-11T19:09:08.665184+01:00] app.INFO: Entro a la pàgina d'inici [] []
[2021-11-11T19:09:08.666666+01:00] app.DEBUG: Entro a una pàgina {"page":"index.php"} []
[2021-11-11T19:09:09.429462+01:00] app.INFO: Entro a la pàgina d'inici [] []
[2021-11-11T19:09:09.430734+01:00] app.DEBUG: Entro a una pàgina {"page":"index.php"} []
[2021-11-11T19:09:11.865878+01:00] app.INFO: Entro a la pàgina d'inici [] []
[2021-11-11T19:09:11.867692+01:00] app.DEBUG: Entro a una pàgina {"page":"index.php"} []
[2021-11-11T19:09:49.428150+01:00] app.INFO: Entro a la pàgina d'inici [] []
[2021-11-11T19:09:49.430206+01:00] app.DEBUG: Entro a una pàgina {"page":"index.php"} []
[2021-11-11T19:10:24.248389+01:00] app.INFO: Entro a la pàgina d'inici [] []
[2021-11-11T19:10:24.250500+01:00] app.DEBUG: Entro a una pàgina {"page":"index.php"} []
[2021-11-11T19:14:59.218832+01:00] app.INFO: Entro a la pàgina d'inici [] []
[2021-11-11T19:14:59.219987+01:00] app.DEBUG: Entro a una pàgina {"page":"index.php"} []
[2021-12-13T15:36:45.446263+01:00] app.DEBUG: Get user '1' data [] []
[2021-12-13T15:36:45.699436+01:00] app.DEBUG: SQL: SELECT u.id, u.username, u.email, f.filepath as avatar         FROM users u         LEFT JOIN files f ON u.avatar_id=f.id         WHERE u.id=1 [] []
[2021-12-13T15:37:10.803976+01:00] app.DEBUG: Get user '1' data [] []
[2021-12-13T15:37:10.991678+01:00] app.DEBUG: SQL: SELECT u.id, u.username, u.email, f.filepath as avatar         FROM users u         LEFT JOIN files f ON u.avatar_id=f.id         WHERE u.id=1 [] []
[2021-12-13T15:38:10.211150+01:00] app.DEBUG: Get user '1' data [] []
[2021-12-13T15:38:10.394335+01:00] app.DEBUG: SQL: SELECT u.id, u.username, u.email, f.filepath as avatar                 FROM users u                 LEFT JOIN files f ON u.avatar_id=f.id                 WHERE u.id=1 [] []
[2021-12-13T15:38:10.440271+01:00] app.DEBUG: Password update [] []
[2021-12-13T15:38:10.449989+01:00] app.DEBUG: Uploading file {"name":"istockphoto-1212898085-1024x1024.jpg","type":"image/jpeg","tmp_name":"C:\\xampp\\tmp\\phpB8B4.tmp","error":0,"size":253489} []
[2021-12-13T15:38:10.452580+01:00] app.DEBUG: SQL: INSERT INTO files(filepath,filesize,uploaded)                      VALUES ('../uploads/CristinaAran89/istockphoto-1212898085-1024x1024.jpg',253489,'2021-12-13 15:38:10') [] []
[2021-12-13T15:38:10.503214+01:00] app.DEBUG: New file with id 8 [] []
[2021-12-13T15:38:10.503361+01:00] app.DEBUG: Avatar update [] []
[2021-12-13T15:38:10.503431+01:00] app.DEBUG: Updating user {"last_access":"'2021-12-13 15:38:10'","password":"'44243c1ee7708d4b8ed776be116b7655af652eccd0b8fe19e74f94677f2c2339'","avatar_id":"8"} []
[2021-12-13T15:38:10.503488+01:00] app.DEBUG: SQL: UPDATE users                  SET last_access='2021-12-13 15:38:10', password='44243c1ee7708d4b8ed776be116b7655af652eccd0b8fe19e74f94677f2c2339', avatar_id=8                  WHERE id=1 [] []
[2021-12-13T15:38:10.552023+01:00] app.DEBUG: User with id 1 updated [] []
[2021-12-13T18:27:55.340195+01:00] app.DEBUG: Get user '1' data [] []
[2021-12-13T18:27:55.590249+01:00] app.DEBUG: SQL: SELECT u.id, u.username, u.email, f.filepath as avatar         FROM users u         LEFT JOIN files f ON u.avatar_id=f.id         WHERE u.id=1 [] []
[2021-12-13T18:28:14.752860+01:00] app.DEBUG: Get user '1' data [] []
[2021-12-13T18:28:14.960085+01:00] app.DEBUG: SQL: SELECT u.id, u.username, u.email, f.filepath as avatar                 FROM users u                 LEFT JOIN files f ON u.avatar_id=f.id                 WHERE u.id=1 [] []
[2021-12-13T18:28:15.009839+01:00] app.DEBUG: Password update [] []
[2021-12-13T18:28:15.010043+01:00] app.DEBUG: Uploading file {"name":"istockphoto-1212898085-1024x1024.jpg","type":"image/jpeg","tmp_name":"C:\\xampp\\tmp\\php6C94.tmp","error":0,"size":253489} []
[2021-12-13T18:28:15.011717+01:00] app.DEBUG: SQL: INSERT INTO files(filepath,filesize,uploaded)                      VALUES ('../uploads/CristinaAran89/istockphoto-1212898085-1024x1024.jpg',253489,'2021-12-13 18:28:14') [] []
[2021-12-13T18:28:15.065062+01:00] app.DEBUG: New file with id 11 [] []
[2021-12-13T18:28:15.065169+01:00] app.DEBUG: Avatar update [] []
[2021-12-13T18:28:15.065201+01:00] app.DEBUG: Updating user {"last_access":"'2021-12-13 18:28:14'","password":"'320cd89bbb41f14bdddd9be01c261e87c5491e58112daacb95b0fb12197ba368'","avatar_id":"11"} []
[2021-12-13T18:28:15.065237+01:00] app.DEBUG: SQL: UPDATE users                  SET last_access='2021-12-13 18:28:14', password='320cd89bbb41f14bdddd9be01c261e87c5491e58112daacb95b0fb12197ba368', avatar_id=11                  WHERE id=1 [] []
[2021-12-13T18:28:15.119935+01:00] app.DEBUG: User with id 1 updated [] []
[2021-12-13T18:39:44.950363+01:00] app.DEBUG: Get user '1' data [] []
[2021-12-13T18:39:45.129339+01:00] app.DEBUG: SQL: SELECT u.id, u.username, u.email, f.filepath as avatar         FROM users u         LEFT JOIN files f ON u.avatar_id=f.id         WHERE u.id=1 [] []
[2021-12-13T18:40:01.490678+01:00] app.DEBUG: Get user '1' data [] []
[2021-12-13T18:40:01.657474+01:00] app.DEBUG: SQL: SELECT u.id, u.username, u.email, f.filepath as avatar                 FROM users u                 LEFT JOIN files f ON u.avatar_id=f.id                 WHERE u.id=1 [] []
[2021-12-13T18:40:01.698551+01:00] app.DEBUG: Password update [] []
[2021-12-13T18:40:01.698767+01:00] app.DEBUG: Uploading file {"name":"istockphoto-1212898085-1024x1024.jpg","type":"image/jpeg","tmp_name":"C:\\xampp\\tmp\\php36E9.tmp","error":0,"size":253489} []
[2021-12-13T18:40:01.700753+01:00] app.DEBUG: SQL: INSERT INTO files(filepath,filesize,uploaded)                      VALUES ('../uploads/CristinaAran89/istockphoto-1212898085-1024x1024.jpg',253489,'2021-12-13 18:40:01') [] []
[2021-12-13T18:40:01.747559+01:00] app.DEBUG: New file with id 12 [] []
[2021-12-13T18:40:01.747653+01:00] app.DEBUG: Avatar update [] []
[2021-12-13T18:40:01.747688+01:00] app.DEBUG: Updating user {"last_access":"'2021-12-13 18:40:01'","password":"'320cd89bbb41f14bdddd9be01c261e87c5491e58112daacb95b0fb12197ba368'","avatar_id":"12"} []
[2021-12-13T18:40:01.747726+01:00] app.DEBUG: SQL: UPDATE users                  SET last_access='2021-12-13 18:40:01', password='320cd89bbb41f14bdddd9be01c261e87c5491e58112daacb95b0fb12197ba368', avatar_id=12                  WHERE id=1 [] []
[2021-12-13T18:40:01.790286+01:00] app.DEBUG: User with id 1 updated [] []
[2021-12-13T18:40:01.809780+01:00] app.DEBUG: Get user '1' data [] []
[2021-12-13T18:40:01.997136+01:00] app.DEBUG: SQL: SELECT u.id, u.username, u.email, f.filepath as avatar         FROM users u         LEFT JOIN files f ON u.avatar_id=f.id         WHERE u.id=1 [] []
[2021-12-14T18:37:57.709810+01:00] app.DEBUG: Get user '1' data [] []
[2021-12-14T18:37:57.966147+01:00] app.DEBUG: SQL: SELECT u.id, u.username, u.email, f.filepath as avatar         FROM users u         LEFT JOIN files f ON u.avatar_id=f.id         WHERE u.id=1 [] []
[2021-12-14T18:38:48.693775+01:00] app.DEBUG: Get user '1' data [] []
[2021-12-14T18:38:48.886439+01:00] app.DEBUG: SQL: SELECT u.id, u.username, u.email, f.filepath as avatar         FROM users u         LEFT JOIN files f ON u.avatar_id=f.id         WHERE u.id=1 [] []
[2021-12-14T18:39:46.188453+01:00] app.DEBUG: Get user '1' data [] []
[2021-12-14T18:39:46.378672+01:00] app.DEBUG: SQL: SELECT u.id, u.username, u.email, f.filepath as avatar         FROM users u         LEFT JOIN files f ON u.avatar_id=f.id         WHERE u.id=1 [] []
[2021-12-14T18:46:01.894839+01:00] app.DEBUG: Get user '1' data [] []
[2021-12-14T18:46:02.118718+01:00] app.DEBUG: SQL: SELECT u.id, u.username, u.email, f.filepath as avatar         FROM users u         LEFT JOIN files f ON u.avatar_id=f.id         WHERE u.id=1 [] []
[2021-12-14T18:46:44.066913+01:00] app.DEBUG: Get user '1' data [] []
[2021-12-14T18:46:44.255060+01:00] app.DEBUG: SQL: SELECT u.id, u.username, u.email, f.filepath as avatar         FROM users u         LEFT JOIN files f ON u.avatar_id=f.id         WHERE u.id=1 [] []
[2021-12-14T18:46:53.308176+01:00] app.DEBUG: Get user '1' data [] []
[2021-12-14T18:46:53.504273+01:00] app.DEBUG: SQL: SELECT u.id, u.username, u.email, f.filepath as avatar         FROM users u         LEFT JOIN files f ON u.avatar_id=f.id         WHERE u.id=1 [] []
[2021-12-14T18:46:54.709996+01:00] app.DEBUG: Get user '1' data [] []
[2021-12-14T18:46:54.928138+01:00] app.DEBUG: SQL: SELECT u.id, u.username, u.email, f.filepath as avatar         FROM users u         LEFT JOIN files f ON u.avatar_id=f.id         WHERE u.id=1 [] []
[2021-12-14T18:46:59.031304+01:00] app.DEBUG: Get user '1' data [] []
[2021-12-14T18:46:59.213897+01:00] app.DEBUG: SQL: SELECT u.id, u.username, u.email, f.filepath as avatar         FROM users u         LEFT JOIN files f ON u.avatar_id=f.id         WHERE u.id=1 [] []
[2021-12-14T18:47:08.083606+01:00] app.DEBUG: Get user '1' data [] []
[2021-12-14T18:47:08.267772+01:00] app.DEBUG: SQL: SELECT u.id, u.username, u.email, f.filepath as avatar         FROM users u         LEFT JOIN files f ON u.avatar_id=f.id         WHERE u.id=1 [] []
[2021-12-14T18:47:30.611844+01:00] app.DEBUG: Get user '1' data [] []
[2021-12-14T18:47:30.793706+01:00] app.DEBUG: SQL: SELECT u.id, u.username, u.email, f.filepath as avatar         FROM users u         LEFT JOIN files f ON u.avatar_id=f.id         WHERE u.id=1 [] []
[2021-12-14T18:47:44.727670+01:00] app.DEBUG: Get user '1' data [] []
[2021-12-14T18:47:44.930030+01:00] app.DEBUG: SQL: SELECT u.id, u.username, u.email, f.filepath as avatar         FROM users u         LEFT JOIN files f ON u.avatar_id=f.id         WHERE u.id=1 [] []
[2021-12-14T18:48:05.137932+01:00] app.DEBUG: Get user '1' data [] []
[2021-12-14T18:48:05.345141+01:00] app.DEBUG: SQL: SELECT u.id, u.username, u.email, f.filepath as avatar         FROM users u         LEFT JOIN files f ON u.avatar_id=f.id         WHERE u.id=1 [] []
[2021-12-14T18:48:21.065687+01:00] app.DEBUG: Get user '1' data [] []
[2021-12-14T18:48:21.234183+01:00] app.DEBUG: SQL: SELECT u.id, u.username, u.email, f.filepath as avatar         FROM users u         LEFT JOIN files f ON u.avatar_id=f.id         WHERE u.id=1 [] []
[2021-12-14T18:48:23.591930+01:00] app.DEBUG: Get user '1' data [] []
[2021-12-14T18:48:23.810550+01:00] app.DEBUG: SQL: SELECT u.id, u.username, u.email, f.filepath as avatar         FROM users u         LEFT JOIN files f ON u.avatar_id=f.id         WHERE u.id=1 [] []
[2021-12-14T18:49:29.705909+01:00] app.DEBUG: Get user '1' data [] []
[2021-12-14T18:49:30.015469+01:00] app.DEBUG: SQL: SELECT u.id, u.username, u.email, f.filepath as avatar         FROM users u         LEFT JOIN files f ON u.avatar_id=f.id         WHERE u.id=1 [] []
[2021-12-14T18:49:59.986345+01:00] app.DEBUG: Get user '1' data [] []
[2021-12-14T18:50:00.268553+01:00] app.DEBUG: SQL: SELECT u.id, u.username, u.email, f.filepath as avatar         FROM users u         LEFT JOIN files f ON u.avatar_id=f.id         WHERE u.id=1 [] []
[2021-12-14T18:50:02.936113+01:00] app.DEBUG: Get user '1' data [] []
[2021-12-14T18:50:03.189248+01:00] app.DEBUG: SQL: SELECT u.id, u.username, u.email, f.filepath as avatar         FROM users u         LEFT JOIN files f ON u.avatar_id=f.id         WHERE u.id=1 [] []
[2021-12-14T18:50:26.707557+01:00] app.DEBUG: Get user '1' data [] []
[2021-12-14T18:50:26.942890+01:00] app.DEBUG: SQL: SELECT u.id, u.username, u.email, f.filepath as avatar         FROM users u         LEFT JOIN files f ON u.avatar_id=f.id         WHERE u.id=1 [] []
[2021-12-14T18:52:16.025100+01:00] app.DEBUG: Get user '1' data [] []
[2021-12-14T18:52:16.253201+01:00] app.DEBUG: SQL: SELECT u.id, u.username, u.email, f.filepath as avatar         FROM users u         LEFT JOIN files f ON u.avatar_id=f.id         WHERE u.id=1 [] []
[2021-12-14T18:52:50.932557+01:00] app.DEBUG: Get user '1' data [] []
[2021-12-14T18:52:51.121881+01:00] app.DEBUG: SQL: SELECT u.id, u.username, u.email, f.filepath as avatar         FROM users u         LEFT JOIN files f ON u.avatar_id=f.id         WHERE u.id=1 [] []
[2021-12-14T18:53:13.873783+01:00] app.DEBUG: Get user '1' data [] []
[2021-12-14T18:53:14.045731+01:00] app.DEBUG: SQL: SELECT u.id, u.username, u.email, f.filepath as avatar         FROM users u         LEFT JOIN files f ON u.avatar_id=f.id         WHERE u.id=1 [] []
[2021-12-14T18:53:31.400191+01:00] app.DEBUG: Get user '1' data [] []
[2021-12-14T18:53:31.566673+01:00] app.DEBUG: SQL: SELECT u.id, u.username, u.email, f.filepath as avatar         FROM users u         LEFT JOIN files f ON u.avatar_id=f.id         WHERE u.id=1 [] []
[2021-12-14T18:53:48.658030+01:00] app.DEBUG: Get user '1' data [] []
[2021-12-14T18:53:48.864032+01:00] app.DEBUG: SQL: SELECT u.id, u.username, u.email, f.filepath as avatar         FROM users u         LEFT JOIN files f ON u.avatar_id=f.id         WHERE u.id=1 [] []
[2021-12-14T18:54:00.140555+01:00] app.DEBUG: Get user '1' data [] []
[2021-12-14T18:54:00.349233+01:00] app.DEBUG: SQL: SELECT u.id, u.username, u.email, f.filepath as avatar         FROM users u         LEFT JOIN files f ON u.avatar_id=f.id         WHERE u.id=1 [] []
[2021-12-14T18:54:42.359056+01:00] app.DEBUG: Get user '1' data [] []
[2021-12-14T18:54:42.537230+01:00] app.DEBUG: SQL: SELECT u.id, u.username, u.email, f.filepath as avatar         FROM users u         LEFT JOIN files f ON u.avatar_id=f.id         WHERE u.id=1 [] []
[2021-12-14T19:02:22.006525+01:00] app.DEBUG: Get user '1' data [] []
[2021-12-14T19:02:22.245703+01:00] app.DEBUG: SQL: SELECT u.id, u.username, u.email, f.filepath as avatar         FROM users u         LEFT JOIN files f ON u.avatar_id=f.id         WHERE u.id=1 [] []
[2021-12-14T19:02:35.325430+01:00] app.DEBUG: Get user '1' data [] []
[2021-12-14T19:02:36.320541+01:00] app.DEBUG: SQL: SELECT u.id, u.username, u.email, f.filepath as avatar         FROM users u         LEFT JOIN files f ON u.avatar_id=f.id         WHERE u.id=1 [] []
[2021-12-14T19:04:13.931139+01:00] app.DEBUG: Get user '1' data [] []
[2021-12-14T19:04:14.128944+01:00] app.DEBUG: SQL: SELECT u.id, u.username, u.email, f.filepath as avatar         FROM users u         LEFT JOIN files f ON u.avatar_id=f.id         WHERE u.id=1 [] []
[2021-12-15T17:35:59.475989+01:00] app.INFO: PHPUnit test [] []
[2021-12-15T17:35:59.511303+01:00] app.DEBUG: PHPUnit test [] []
[2021-12-15T17:36:55.127066+01:00] app.INFO: PHPUnit test [] []
[2021-12-15T17:36:55.129110+01:00] app.DEBUG: PHPUnit test [] []
[2021-12-15T17:46:10.182795+01:00] app.INFO: PHPUnit test [] []
[2021-12-15T17:46:10.184755+01:00] app.DEBUG: PHPUnit test [] []
[2021-12-17T18:41:51.232852+01:00] app.INFO: PHPUnit test [] []
[2021-12-17T18:41:51.267652+01:00] app.DEBUG: PHPUnit test [] []
[2021-12-17T18:43:54.361365+01:00] app.INFO: PHPUnit test [] []
[2021-12-17T18:43:54.362628+01:00] app.DEBUG: PHPUnit test [] []
[2021-12-17T19:03:32.881286+01:00] app.DEBUG: Check username and password [] []
[2021-12-17T19:03:33.100990+01:00] app.DEBUG: SQL: SELECT * FROM users u                  WHERE u.username='cristinaaran89@gmail.com' AND password='15acfdc75fdb88851487238cd8442c5ecc8e0c31868ce9f52a4e2361ba899f2f' [] []
[2021-12-17T19:03:33.152907+01:00] app.DEBUG: Invalid username and password [] []
[2021-12-17T19:03:33.200146+01:00] app.INFO: Entro a la pàgina d'inici [] []
[2021-12-17T19:03:33.201087+01:00] app.DEBUG: Entro a una pàgina {"page":"index.php"} []
[2021-12-17T19:04:58.451381+01:00] app.DEBUG: Check username and password [] []
[2021-12-17T19:04:58.630607+01:00] app.DEBUG: SQL: SELECT * FROM users u                  WHERE u.username='CristinaAran89' AND password='44243c1ee7708d4b8ed776be116b7655af652eccd0b8fe19e74f94677f2c2339' [] []
[2021-12-17T19:04:58.673516+01:00] app.DEBUG: Invalid username and password [] []
[2021-12-17T19:04:58.693889+01:00] app.INFO: Entro a la pàgina d'inici [] []
[2021-12-17T19:04:58.694853+01:00] app.DEBUG: Entro a una pàgina {"page":"index.php"} []
[2021-12-17T19:05:40.592109+01:00] app.DEBUG: Check username and password [] []
[2021-12-17T19:05:40.790910+01:00] app.DEBUG: SQL: SELECT * FROM users u                  WHERE u.username='CristinaAran89' AND password='44243c1ee7708d4b8ed776be116b7655af652eccd0b8fe19e74f94677f2c2339' [] []
[2021-12-17T19:05:40.838823+01:00] app.DEBUG: Invalid username and password [] []
[2021-12-17T19:05:40.880607+01:00] app.INFO: Entro a la pàgina d'inici [] []
[2021-12-17T19:05:40.881712+01:00] app.DEBUG: Entro a una pàgina {"page":"index.php"} []
[2021-12-17T19:05:52.566587+01:00] app.INFO: Entro a la pàgina d'inici [] []
[2021-12-17T19:05:52.568319+01:00] app.DEBUG: Entro a una pàgina {"page":"index.php"} []
[2021-12-17T19:08:42.719238+01:00] app.DEBUG: Check username and password [] []
[2021-12-17T19:08:42.933746+01:00] app.DEBUG: SQL: SELECT * FROM users u                  WHERE u.username='CristinaAran89' AND password='44243c1ee7708d4b8ed776be116b7655af652eccd0b8fe19e74f94677f2c2339' [] []
[2021-12-17T19:08:42.985505+01:00] app.DEBUG: Invalid username and password [] []
[2021-12-17T19:08:43.004069+01:00] app.INFO: Entro a la pàgina d'inici [] []
[2021-12-17T19:08:43.005045+01:00] app.DEBUG: Entro a una pàgina {"page":"index.php"} []
[2021-12-17T19:11:08.708840+01:00] app.DEBUG: Check username and password [] []
[2021-12-17T19:11:08.903281+01:00] app.DEBUG: SQL: SELECT * FROM users u                  WHERE u.username='cristinaaran89' AND password='44243c1ee7708d4b8ed776be116b7655af652eccd0b8fe19e74f94677f2c2339' [] []
[2021-12-17T19:11:08.950524+01:00] app.DEBUG: Invalid username and password [] []
[2021-12-17T19:11:08.980854+01:00] app.INFO: Entro a la pàgina d'inici [] []
[2021-12-17T19:11:08.981913+01:00] app.DEBUG: Entro a una pàgina {"page":"index.php"} []
[2021-12-17T19:11:35.114382+01:00] app.DEBUG: Check username and password [] []
[2021-12-17T19:11:35.303999+01:00] app.DEBUG: SQL: SELECT * FROM users u                  WHERE u.username='CristinaAran89' AND password='44243c1ee7708d4b8ed776be116b7655af652eccd0b8fe19e74f94677f2c2339' [] []
[2021-12-17T19:11:35.349791+01:00] app.DEBUG: Invalid username and password [] []
[2021-12-17T19:11:35.385409+01:00] app.INFO: Entro a la pàgina d'inici [] []
[2021-12-17T19:11:35.387010+01:00] app.DEBUG: Entro a una pàgina {"page":"index.php"} []
[2021-12-17T19:12:56.121177+01:00] app.DEBUG: Check username and password [] []
[2021-12-17T19:12:56.364441+01:00] app.DEBUG: SQL: SELECT * FROM users u                  WHERE u.username='CristinaAran89' AND password='44243c1ee7708d4b8ed776be116b7655af652eccd0b8fe19e74f94677f2c2339' [] []
[2021-12-17T19:12:56.410233+01:00] app.DEBUG: Invalid username and password [] []
[2021-12-17T19:12:56.426222+01:00] app.INFO: Entro a la pàgina d'inici [] []
[2021-12-17T19:12:56.427180+01:00] app.DEBUG: Entro a una pàgina {"page":"index.php"} []
[2021-12-17T19:14:35.245828+01:00] app.DEBUG: Get user '1' data [] []
[2021-12-17T19:14:35.429639+01:00] app.DEBUG: SQL: SELECT u.id, u.username, u.email, f.filepath as avatar         FROM users u         LEFT JOIN files f ON u.avatar_id=f.id         WHERE u.id=1 [] []
[2021-12-17T19:15:19.466195+01:00] app.DEBUG: Check username and password [] []
[2021-12-17T19:15:19.697219+01:00] app.DEBUG: SQL: SELECT * FROM users u                  WHERE u.username='CristinaAran89 ' AND password='44243c1ee7708d4b8ed776be116b7655af652eccd0b8fe19e74f94677f2c2339' [] []
[2021-12-17T19:15:19.753802+01:00] app.DEBUG: Invalid username and password [] []
[2021-12-17T19:15:19.768275+01:00] app.INFO: Entro a la pàgina d'inici [] []
[2021-12-17T19:15:19.769548+01:00] app.DEBUG: Entro a una pàgina {"page":"index.php"} []
[2021-12-17T19:15:35.146691+01:00] app.DEBUG: Check username and password [] []
[2021-12-17T19:15:35.340687+01:00] app.DEBUG: SQL: SELECT * FROM users u                  WHERE u.username='CristinaAran89' AND password='44243c1ee7708d4b8ed776be116b7655af652eccd0b8fe19e74f94677f2c2339' [] []
[2021-12-17T19:15:35.387677+01:00] app.DEBUG: Invalid username and password [] []
[2021-12-17T19:15:35.401229+01:00] app.INFO: Entro a la pàgina d'inici [] []
[2021-12-17T19:15:35.402172+01:00] app.DEBUG: Entro a una pàgina {"page":"index.php"} []
[2021-12-17T19:17:49.732330+01:00] app.DEBUG: Check username and password [] []
[2021-12-17T19:17:49.927149+01:00] app.DEBUG: SQL: SELECT * FROM users u                  WHERE u.username='pepepep' AND password='66c1650893acf1fb1a7deb1cead6b4dfeb007c3f143fb4ed514642100e69cd09' [] []
[2021-12-17T19:17:49.974834+01:00] app.DEBUG: Invalid username and password [] []
[2021-12-17T19:17:49.993926+01:00] app.INFO: Entro a la pàgina d'inici [] []
[2021-12-17T19:17:49.995204+01:00] app.DEBUG: Entro a una pàgina {"page":"index.php"} []
[2021-12-17T19:18:48.619327+01:00] app.DEBUG: Check username and password [] []
[2021-12-17T19:18:48.855977+01:00] app.DEBUG: SQL: SELECT * FROM users u                  WHERE u.username='pepepep' AND password='892eaf1cfb74e7b4c64827a0c61d4276b9c922e52230570af5a6937e764df2a5' [] []
[2021-12-17T19:18:48.913421+01:00] app.DEBUG: Invalid username and password [] []
[2021-12-17T19:18:48.935442+01:00] app.INFO: Entro a la pàgina d'inici [] []
[2021-12-17T19:18:48.936490+01:00] app.DEBUG: Entro a una pàgina {"page":"index.php"} []
[2021-12-17T19:19:51.592000+01:00] app.DEBUG: Check username and password [] []
[2021-12-17T19:19:51.827673+01:00] app.DEBUG: SQL: SELECT * FROM users u                  WHERE u.username='pepepep' AND password='ec9d7c168ac9fca1a88a9fc9ec552304eb1c3fe3a0f8f510c49bbdaf735bf5e4' [] []
[2021-12-17T19:19:51.885656+01:00] app.DEBUG: Invalid username and password [] []
[2021-12-17T19:19:51.902088+01:00] app.INFO: Entro a la pàgina d'inici [] []
[2021-12-17T19:19:51.903924+01:00] app.DEBUG: Entro a una pàgina {"page":"index.php"} []
[2021-12-17T19:20:01.502445+01:00] app.DEBUG: Check username and password [] []
[2021-12-17T19:20:01.700920+01:00] app.DEBUG: SQL: SELECT * FROM users u                  WHERE u.username='pepepep' AND password='56ce37a2520ae69ff0e5c2845cb2086fa02ccb1850c179ed5af0259829396261' [] []
[2021-12-17T19:20:01.749476+01:00] app.DEBUG: Invalid username and password [] []
[2021-12-17T19:20:01.768214+01:00] app.INFO: Entro a la pàgina d'inici [] []
[2021-12-17T19:20:01.769790+01:00] app.DEBUG: Entro a una pàgina {"page":"index.php"} []
[2021-12-17T19:20:19.280588+01:00] app.INFO: Entro a la pàgina d'inici [] []
[2021-12-17T19:20:19.281557+01:00] app.DEBUG: Entro a una pàgina {"page":"index.php"} []
[2021-12-17T19:20:20.164857+01:00] app.INFO: Entro a la pàgina d'inici [] []
[2021-12-17T19:20:20.165843+01:00] app.DEBUG: Entro a una pàgina {"page":"index.php"} []
[2021-12-17T19:20:20.432702+01:00] app.INFO: Entro a la pàgina d'inici [] []
[2021-12-17T19:20:20.434195+01:00] app.DEBUG: Entro a una pàgina {"page":"index.php"} []
[2021-12-17T19:20:20.685338+01:00] app.INFO: Entro a la pàgina d'inici [] []
[2021-12-17T19:20:20.686451+01:00] app.DEBUG: Entro a una pàgina {"page":"index.php"} []
[2021-12-17T19:20:55.680202+01:00] app.INFO: Entro a la pàgina d'inici [] []
[2021-12-17T19:20:55.681388+01:00] app.DEBUG: Entro a una pàgina {"page":"index.php"} []
[2021-12-17T19:21:23.748397+01:00] app.DEBUG: Check username and password [] []
[2021-12-17T19:21:23.944754+01:00] app.DEBUG: SQL: SELECT * FROM users u                  WHERE u.username='CristinaAran89' AND password='0a1992b8f42a2ccfdc08da8f3c24947779030b46cc8c27f13b7af02d6c065573' [] []
[2021-12-17T19:21:23.991685+01:00] app.DEBUG: Invalid username and password [] []
[2021-12-17T19:21:24.009278+01:00] app.INFO: Entro a la pàgina d'inici [] []
[2021-12-17T19:21:24.010685+01:00] app.DEBUG: Entro a una pàgina {"page":"index.php"} []
[2021-12-17T19:21:51.424120+01:00] app.DEBUG: Check username and password [] []
[2021-12-17T19:21:51.620938+01:00] app.DEBUG: SQL: SELECT * FROM users u                  WHERE u.username='CristinaAran89' AND password='44243c1ee7708d4b8ed776be116b7655af652eccd0b8fe19e74f94677f2c2339' [] []
[2021-12-17T19:21:51.669685+01:00] app.DEBUG: Invalid username and password [] []
[2021-12-17T19:21:51.707887+01:00] app.INFO: Entro a la pàgina d'inici [] []
[2021-12-17T19:21:51.709282+01:00] app.DEBUG: Entro a una pàgina {"page":"index.php"} []
[2021-12-17T19:23:36.805839+01:00] app.DEBUG: Check username and password [] []
[2021-12-17T19:23:37.025617+01:00] app.DEBUG: SQL: SELECT * FROM users u                  WHERE u.username='CristinaAran89' AND password='44243c1ee7708d4b8ed776be116b7655af652eccd0b8fe19e74f94677f2c2339' [] []
[2021-12-17T19:23:37.080824+01:00] app.DEBUG: Username and password OK [] []
[2021-12-17T19:23:37.081006+01:00] app.DEBUG: Update user last access [] []
[2021-12-17T19:23:37.081080+01:00] app.DEBUG: SQL: UPDATE users                      SET last_access='2021-12-17 19:23:37'                      WHERE id=1 [] []
[2021-12-17T19:23:37.136122+01:00] app.DEBUG: User updated [] []
[2021-12-17T19:23:37.159281+01:00] app.INFO: Entro a la pàgina d'inici [] []
[2021-12-17T19:23:37.160431+01:00] app.DEBUG: Entro a una pàgina {"page":"index.php"} []
[2021-12-20T15:37:16.999823+01:00] app.INFO: PHPUnit test [] []
[2021-12-20T15:37:17.044707+01:00] app.DEBUG: PHPUnit test [] []
[2021-12-20T15:38:53.376696+01:00] app.DEBUG: Get user '1' data [] []
[2021-12-20T15:38:53.675831+01:00] app.DEBUG: SQL: SELECT u.id, u.username, u.email, f.filepath as avatar         FROM users u         LEFT JOIN files f ON u.avatar_id=f.id         WHERE u.id=1 [] []
[2021-12-20T15:39:07.073230+01:00] app.DEBUG: Get user '1' data [] []
[2021-12-20T15:39:07.327355+01:00] app.DEBUG: SQL: SELECT u.id, u.username, u.email, f.filepath as avatar                 FROM users u                 LEFT JOIN files f ON u.avatar_id=f.id                 WHERE u.id=1 [] []
[2021-12-20T15:39:07.377106+01:00] app.DEBUG: Password update [] []
[2021-12-20T15:39:07.377461+01:00] app.DEBUG: Updating user {"last_access":"'2021-12-20 15:39:07'","password":"'44243c1ee7708d4b8ed776be116b7655af652eccd0b8fe19e74f94677f2c2339'"} []
[2021-12-20T15:39:07.377687+01:00] app.DEBUG: SQL: UPDATE users                  SET last_access='2021-12-20 15:39:07', password='44243c1ee7708d4b8ed776be116b7655af652eccd0b8fe19e74f94677f2c2339'                  WHERE id=1 [] []
[2021-12-20T15:39:07.431723+01:00] app.DEBUG: User with id 1 updated [] []
[2021-12-20T15:39:07.468166+01:00] app.DEBUG: Get user '1' data [] []
[2021-12-20T15:39:07.651241+01:00] app.DEBUG: SQL: SELECT u.id, u.username, u.email, f.filepath as avatar         FROM users u         LEFT JOIN files f ON u.avatar_id=f.id         WHERE u.id=1 [] []
[2021-12-20T15:39:17.194877+01:00] app.DEBUG: Get user '1' data [] []
[2021-12-20T15:39:17.377042+01:00] app.DEBUG: SQL: SELECT u.id, u.username, u.email, f.filepath as avatar         FROM users u         LEFT JOIN files f ON u.avatar_id=f.id         WHERE u.id=1 [] []
[2021-12-20T15:39:33.996536+01:00] app.DEBUG: Check username and password [] []
[2021-12-20T15:39:34.200245+01:00] app.DEBUG: SQL: SELECT * FROM users u                  WHERE u.username='CristinaAran89' AND password='44243c1ee7708d4b8ed776be116b7655af652eccd0b8fe19e74f94677f2c2339' [] []
[2021-12-20T15:39:34.249505+01:00] app.DEBUG: Username and password OK [] []
[2021-12-20T15:39:34.249859+01:00] app.DEBUG: Update user last access [] []
[2021-12-20T15:39:34.250025+01:00] app.DEBUG: SQL: UPDATE users                      SET last_access='2021-12-20 15:39:34'                      WHERE id=1 [] []
[2021-12-20T15:39:34.303459+01:00] app.DEBUG: User updated [] []
[2021-12-20T15:39:34.347136+01:00] app.INFO: Entro a la pàgina d'inici [] []
[2021-12-20T15:39:34.348437+01:00] app.DEBUG: Entro a una pàgina {"page":"index.php"} []
[2021-12-20T15:39:45.196430+01:00] app.INFO: PHPUnit test [] []
[2021-12-20T15:39:45.198293+01:00] app.DEBUG: PHPUnit test [] []
[2021-12-20T15:41:30.750126+01:00] app.INFO: PHPUnit test [] []
[2021-12-20T15:41:30.752818+01:00] app.DEBUG: PHPUnit test [] []
[2021-12-20T15:42:32.145939+01:00] app.INFO: PHPUnit test [] []
[2021-12-20T15:42:32.148000+01:00] app.DEBUG: PHPUnit test [] []
[2021-12-20T15:43:25.127437+01:00] app.INFO: PHPUnit test [] []
[2021-12-20T15:43:25.129095+01:00] app.DEBUG: PHPUnit test [] []
[2021-12-20T15:44:02.901691+01:00] app.INFO: PHPUnit test [] []
[2021-12-20T15:44:02.902939+01:00] app.DEBUG: PHPUnit test [] []
[2021-12-20T15:45:56.729232+01:00] app.INFO: PHPUnit test [] []
[2021-12-20T15:45:56.731477+01:00] app.DEBUG: PHPUnit test [] []
[2021-12-20T15:47:52.691358+01:00] app.INFO: PHPUnit test [] []
[2021-12-20T15:47:52.692656+01:00] app.DEBUG: PHPUnit test [] []
[2021-12-20T15:49:03.715296+01:00] app.INFO: PHPUnit test [] []
[2021-12-20T15:49:03.717474+01:00] app.DEBUG: PHPUnit test [] []
[2021-12-20T18:36:38.647641+01:00] app.INFO: PHPUnit test [] []
[2021-12-20T18:36:38.649890+01:00] app.DEBUG: PHPUnit test [] []
[2021-12-20T18:40:23.070993+01:00] app.INFO: PHPUnit test [] []
[2021-12-20T18:40:23.072478+01:00] app.DEBUG: PHPUnit test [] []
[2021-12-20T18:42:20.766313+01:00] app.INFO: PHPUnit test [] []
[2021-12-20T18:42:20.767694+01:00] app.DEBUG: PHPUnit test [] []
[2021-12-20T18:43:38.191714+01:00] app.INFO: PHPUnit test [] []
[2021-12-20T18:43:38.193129+01:00] app.DEBUG: PHPUnit test [] []
[2021-12-20T18:44:11.543074+01:00] app.INFO: PHPUnit test [] []
[2021-12-20T18:44:11.545041+01:00] app.DEBUG: PHPUnit test [] []
[2021-12-20T18:51:21.499818+01:00] app.INFO: PHPUnit test [] []
[2021-12-20T18:51:21.501302+01:00] app.DEBUG: PHPUnit test [] []
[2021-12-20T18:55:01.276503+01:00] app.INFO: PHPUnit test [] []
[2021-12-20T18:55:01.278300+01:00] app.DEBUG: PHPUnit test [] []
[2021-12-20T18:58:43.245561+01:00] app.INFO: PHPUnit test [] []
[2021-12-20T18:58:43.247748+01:00] app.DEBUG: PHPUnit test [] []
[2021-12-20T19:00:12.580251+01:00] app.INFO: PHPUnit test [] []
[2021-12-20T19:00:12.582346+01:00] app.DEBUG: PHPUnit test [] []
[2021-12-20T19:00:27.561093+01:00] app.INFO: PHPUnit test [] []
[2021-12-20T19:00:27.563176+01:00] app.DEBUG: PHPUnit test [] []
[2021-12-20T19:01:20.900713+01:00] app.INFO: PHPUnit test [] []
[2021-12-20T19:01:20.903320+01:00] app.DEBUG: PHPUnit test [] []
[2021-12-20T19:02:13.954148+01:00] app.INFO: PHPUnit test [] []
[2021-12-20T19:02:13.956301+01:00] app.DEBUG: PHPUnit test [] []
[2021-12-20T19:02:33.457521+01:00] app.INFO: PHPUnit test [] []
[2021-12-20T19:02:33.459332+01:00] app.DEBUG: PHPUnit test [] []
[2021-12-20T19:03:59.977499+01:00] app.INFO: PHPUnit test [] []
[2021-12-20T19:03:59.979672+01:00] app.DEBUG: PHPUnit test [] []
[2021-12-20T19:06:07.721101+01:00] app.INFO: PHPUnit test [] []
[2021-12-20T19:06:07.722650+01:00] app.DEBUG: PHPUnit test [] []
[2021-12-20T19:07:19.054782+01:00] app.INFO: PHPUnit test [] []
[2021-12-20T19:07:19.056681+01:00] app.DEBUG: PHPUnit test [] []
[2021-12-20T19:08:34.374454+01:00] app.INFO: PHPUnit test [] []
[2021-12-20T19:08:34.375911+01:00] app.DEBUG: PHPUnit test [] []
[2021-12-20T19:08:49.182779+01:00] app.INFO: PHPUnit test [] []
[2021-12-20T19:08:49.184198+01:00] app.DEBUG: PHPUnit test [] []
[2021-12-21T19:38:55.637447+01:00] app.DEBUG: Get user '1' data [] []
[2021-12-21T19:38:55.954751+01:00] app.DEBUG: SQL: SELECT u.id, u.username, u.email, f.filepath as avatar         FROM users u         LEFT JOIN files f ON u.avatar_id=f.id         WHERE u.id=1 [] []
[2021-12-21T19:39:25.254680+01:00] app.DEBUG: Get user '1' data [] []
[2021-12-21T19:39:25.454169+01:00] app.DEBUG: SQL: SELECT u.id, u.username, u.email, f.filepath as avatar         FROM users u         LEFT JOIN files f ON u.avatar_id=f.id         WHERE u.id=1 [] []
[2021-12-21T19:40:42.447754+01:00] app.DEBUG: Get user '1' data [] []
[2021-12-21T19:40:42.656121+01:00] app.DEBUG: SQL: SELECT u.id, u.username, u.email, f.filepath as avatar         FROM users u         LEFT JOIN files f ON u.avatar_id=f.id         WHERE u.id=1 [] []
[2022-01-09T18:13:19.094101+01:00] app.DEBUG: Check username and password [] []
[2022-01-09T18:13:19.430943+01:00] app.DEBUG: SQL: SELECT * FROM users u                  WHERE u.username='cristinaaran89' AND password='0a1992b8f42a2ccfdc08da8f3c24947779030b46cc8c27f13b7af02d6c065573' [] []
[2022-01-09T18:13:19.471063+01:00] app.DEBUG: Invalid username and password [] []
[2022-01-09T18:13:19.502615+01:00] app.INFO: Entro a la pàgina d'inici [] []
[2022-01-09T18:13:19.503667+01:00] app.DEBUG: Entro a una pàgina {"page":"index.php"} []
[2022-01-26T18:32:11.360997+01:00] app.INFO: Entro a la pàgina d'inici [] []
[2022-01-26T18:32:11.410087+01:00] app.DEBUG: Entro a una pàgina {"page":"index.php"} []
